have_header: checking for ruby/thread.h... -------------------- no

"gcc -o conftest -I/home/aceimdiplomados/.rvm/rubies/ruby-1.9.3-p194/include/ruby-1.9.1/x86_64-linux -I/home/aceimdiplomados/.rvm/rubies/ruby-1.9.3-p194/include/ruby-1.9.1/ruby/backward -I/home/aceimdiplomados/.rvm/rubies/ruby-1.9.3-p194/include/ruby-1.9.1 -I. -I/home/aceimdiplomados/.rvm/usr/include     -O3 -ggdb -Wextra -Wno-unused-parameter -Wno-parentheses -Wno-long-long -Wno-missing-field-initializers -Wpointer-arith -Wwrite-strings -Wdeclaration-after-statement -Wimplicit-function-declaration  -fPIC conftest.c  -L. -L/home/aceimdiplomados/.rvm/rubies/ruby-1.9.3-p194/lib -Wl,-R/home/aceimdiplomados/.rvm/rubies/ruby-1.9.3-p194/lib -L/home/aceimdiplomados/.rvm/usr/lib -Wl,-R/home/aceimdiplomados/.rvm/usr/lib -L.  -rdynamic -Wl,-export-dynamic     -Wl,-R -Wl,/home/aceimdiplomados/.rvm/rubies/ruby-1.9.3-p194/lib -L/home/aceimdiplomados/.rvm/rubies/ruby-1.9.3-p194/lib -lruby  -lpthread -lrt -ldl -lcrypt -lm   -lc"
checked program was:
/* begin */
1: #include "ruby.h"
2: 
3: int main() {return 0;}
/* end */

"gcc -E -I/home/aceimdiplomados/.rvm/rubies/ruby-1.9.3-p194/include/ruby-1.9.1/x86_64-linux -I/home/aceimdiplomados/.rvm/rubies/ruby-1.9.3-p194/include/ruby-1.9.1/ruby/backward -I/home/aceimdiplomados/.rvm/rubies/ruby-1.9.3-p194/include/ruby-1.9.1 -I. -I/home/aceimdiplomados/.rvm/usr/include     -O3 -ggdb -Wextra -Wno-unused-parameter -Wno-parentheses -Wno-long-long -Wno-missing-field-initializers -Wpointer-arith -Wwrite-strings -Wdeclaration-after-statement -Wimplicit-function-declaration  -fPIC  conftest.c -o conftest.i"
conftest.c:3:25: error: ruby/thread.h: No such file or directory
checked program was:
/* begin */
1: #include "ruby.h"
2: 
3: #include <ruby/thread.h>
/* end */

--------------------

have_func: checking for rb_thread_blocking_region()... -------------------- yes

"gcc -o conftest -I/home/aceimdiplomados/.rvm/rubies/ruby-1.9.3-p194/include/ruby-1.9.1/x86_64-linux -I/home/aceimdiplomados/.rvm/rubies/ruby-1.9.3-p194/include/ruby-1.9.1/ruby/backward -I/home/aceimdiplomados/.rvm/rubies/ruby-1.9.3-p194/include/ruby-1.9.1 -I. -I/home/aceimdiplomados/.rvm/usr/include     -O3 -ggdb -Wextra -Wno-unused-parameter -Wno-parentheses -Wno-long-long -Wno-missing-field-initializers -Wpointer-arith -Wwrite-strings -Wdeclaration-after-statement -Wimplicit-function-declaration  -fPIC conftest.c  -L. -L/home/aceimdiplomados/.rvm/rubies/ruby-1.9.3-p194/lib -Wl,-R/home/aceimdiplomados/.rvm/rubies/ruby-1.9.3-p194/lib -L/home/aceimdiplomados/.rvm/usr/lib -Wl,-R/home/aceimdiplomados/.rvm/usr/lib -L.  -rdynamic -Wl,-export-dynamic     -Wl,-R -Wl,/home/aceimdiplomados/.rvm/rubies/ruby-1.9.3-p194/lib -L/home/aceimdiplomados/.rvm/rubies/ruby-1.9.3-p194/lib -lruby  -lpthread -lrt -ldl -lcrypt -lm   -lc"
checked program was:
/* begin */
1: #include "ruby.h"
2: 
3: /*top*/
4: int main() {return 0;}
5: int t() { void ((*volatile p)()); p = (void ((*)()))rb_thread_blocking_region; return 0; }
/* end */

--------------------

have_func: checking for rb_wait_for_single_fd()... -------------------- yes

"gcc -o conftest -I/home/aceimdiplomados/.rvm/rubies/ruby-1.9.3-p194/include/ruby-1.9.1/x86_64-linux -I/home/aceimdiplomados/.rvm/rubies/ruby-1.9.3-p194/include/ruby-1.9.1/ruby/backward -I/home/aceimdiplomados/.rvm/rubies/ruby-1.9.3-p194/include/ruby-1.9.1 -I. -I/home/aceimdiplomados/.rvm/usr/include     -O3 -ggdb -Wextra -Wno-unused-parameter -Wno-parentheses -Wno-long-long -Wno-missing-field-initializers -Wpointer-arith -Wwrite-strings -Wdeclaration-after-statement -Wimplicit-function-declaration  -fPIC conftest.c  -L. -L/home/aceimdiplomados/.rvm/rubies/ruby-1.9.3-p194/lib -Wl,-R/home/aceimdiplomados/.rvm/rubies/ruby-1.9.3-p194/lib -L/home/aceimdiplomados/.rvm/usr/lib -Wl,-R/home/aceimdiplomados/.rvm/usr/lib -L.  -rdynamic -Wl,-export-dynamic     -Wl,-R -Wl,/home/aceimdiplomados/.rvm/rubies/ruby-1.9.3-p194/lib -L/home/aceimdiplomados/.rvm/rubies/ruby-1.9.3-p194/lib -lruby  -lpthread -lrt -ldl -lcrypt -lm   -lc"
conftest.c: In function 't':
conftest.c:5: error: 'rb_wait_for_single_fd' undeclared (first use in this function)
conftest.c:5: error: (Each undeclared identifier is reported only once
conftest.c:5: error: for each function it appears in.)
checked program was:
/* begin */
1: #include "ruby.h"
2: 
3: /*top*/
4: int main() {return 0;}
5: int t() { void ((*volatile p)()); p = (void ((*)()))rb_wait_for_single_fd; return 0; }
/* end */

"gcc -o conftest -I/home/aceimdiplomados/.rvm/rubies/ruby-1.9.3-p194/include/ruby-1.9.1/x86_64-linux -I/home/aceimdiplomados/.rvm/rubies/ruby-1.9.3-p194/include/ruby-1.9.1/ruby/backward -I/home/aceimdiplomados/.rvm/rubies/ruby-1.9.3-p194/include/ruby-1.9.1 -I. -I/home/aceimdiplomados/.rvm/usr/include     -O3 -ggdb -Wextra -Wno-unused-parameter -Wno-parentheses -Wno-long-long -Wno-missing-field-initializers -Wpointer-arith -Wwrite-strings -Wdeclaration-after-statement -Wimplicit-function-declaration  -fPIC conftest.c  -L. -L/home/aceimdiplomados/.rvm/rubies/ruby-1.9.3-p194/lib -Wl,-R/home/aceimdiplomados/.rvm/rubies/ruby-1.9.3-p194/lib -L/home/aceimdiplomados/.rvm/usr/lib -Wl,-R/home/aceimdiplomados/.rvm/usr/lib -L.  -rdynamic -Wl,-export-dynamic     -Wl,-R -Wl,/home/aceimdiplomados/.rvm/rubies/ruby-1.9.3-p194/lib -L/home/aceimdiplomados/.rvm/rubies/ruby-1.9.3-p194/lib -lruby  -lpthread -lrt -ldl -lcrypt -lm   -lc"
conftest.c: In function 't':
conftest.c:5: warning: implicit declaration of function 'rb_wait_for_single_fd'
checked program was:
/* begin */
1: #include "ruby.h"
2: 
3: /*top*/
4: int main() {return 0;}
5: int t() { rb_wait_for_single_fd(); return 0; }
/* end */

--------------------

have_func: checking for rb_hash_dup()... -------------------- yes

"gcc -o conftest -I/home/aceimdiplomados/.rvm/rubies/ruby-1.9.3-p194/include/ruby-1.9.1/x86_64-linux -I/home/aceimdiplomados/.rvm/rubies/ruby-1.9.3-p194/include/ruby-1.9.1/ruby/backward -I/home/aceimdiplomados/.rvm/rubies/ruby-1.9.3-p194/include/ruby-1.9.1 -I. -I/home/aceimdiplomados/.rvm/usr/include     -O3 -ggdb -Wextra -Wno-unused-parameter -Wno-parentheses -Wno-long-long -Wno-missing-field-initializers -Wpointer-arith -Wwrite-strings -Wdeclaration-after-statement -Wimplicit-function-declaration  -fPIC conftest.c  -L. -L/home/aceimdiplomados/.rvm/rubies/ruby-1.9.3-p194/lib -Wl,-R/home/aceimdiplomados/.rvm/rubies/ruby-1.9.3-p194/lib -L/home/aceimdiplomados/.rvm/usr/lib -Wl,-R/home/aceimdiplomados/.rvm/usr/lib -L.  -rdynamic -Wl,-export-dynamic     -Wl,-R -Wl,/home/aceimdiplomados/.rvm/rubies/ruby-1.9.3-p194/lib -L/home/aceimdiplomados/.rvm/rubies/ruby-1.9.3-p194/lib -lruby  -lpthread -lrt -ldl -lcrypt -lm   -lc"
checked program was:
/* begin */
1: #include "ruby.h"
2: 
3: /*top*/
4: int main() {return 0;}
5: int t() { void ((*volatile p)()); p = (void ((*)()))rb_hash_dup; return 0; }
/* end */

--------------------

have_func: checking for rb_intern3()... -------------------- yes

"gcc -o conftest -I/home/aceimdiplomados/.rvm/rubies/ruby-1.9.3-p194/include/ruby-1.9.1/x86_64-linux -I/home/aceimdiplomados/.rvm/rubies/ruby-1.9.3-p194/include/ruby-1.9.1/ruby/backward -I/home/aceimdiplomados/.rvm/rubies/ruby-1.9.3-p194/include/ruby-1.9.1 -I. -I/home/aceimdiplomados/.rvm/usr/include     -O3 -ggdb -Wextra -Wno-unused-parameter -Wno-parentheses -Wno-long-long -Wno-missing-field-initializers -Wpointer-arith -Wwrite-strings -Wdeclaration-after-statement -Wimplicit-function-declaration  -fPIC conftest.c  -L. -L/home/aceimdiplomados/.rvm/rubies/ruby-1.9.3-p194/lib -Wl,-R/home/aceimdiplomados/.rvm/rubies/ruby-1.9.3-p194/lib -L/home/aceimdiplomados/.rvm/usr/lib -Wl,-R/home/aceimdiplomados/.rvm/usr/lib -L.  -rdynamic -Wl,-export-dynamic     -Wl,-R -Wl,/home/aceimdiplomados/.rvm/rubies/ruby-1.9.3-p194/lib -L/home/aceimdiplomados/.rvm/rubies/ruby-1.9.3-p194/lib -lruby  -lpthread -lrt -ldl -lcrypt -lm   -lc"
conftest.c: In function 't':
conftest.c:5: error: 'rb_intern3' undeclared (first use in this function)
conftest.c:5: error: (Each undeclared identifier is reported only once
conftest.c:5: error: for each function it appears in.)
checked program was:
/* begin */
1: #include "ruby.h"
2: 
3: /*top*/
4: int main() {return 0;}
5: int t() { void ((*volatile p)()); p = (void ((*)()))rb_intern3; return 0; }
/* end */

"gcc -o conftest -I/home/aceimdiplomados/.rvm/rubies/ruby-1.9.3-p194/include/ruby-1.9.1/x86_64-linux -I/home/aceimdiplomados/.rvm/rubies/ruby-1.9.3-p194/include/ruby-1.9.1/ruby/backward -I/home/aceimdiplomados/.rvm/rubies/ruby-1.9.3-p194/include/ruby-1.9.1 -I. -I/home/aceimdiplomados/.rvm/usr/include     -O3 -ggdb -Wextra -Wno-unused-parameter -Wno-parentheses -Wno-long-long -Wno-missing-field-initializers -Wpointer-arith -Wwrite-strings -Wdeclaration-after-statement -Wimplicit-function-declaration  -fPIC conftest.c  -L. -L/home/aceimdiplomados/.rvm/rubies/ruby-1.9.3-p194/lib -Wl,-R/home/aceimdiplomados/.rvm/rubies/ruby-1.9.3-p194/lib -L/home/aceimdiplomados/.rvm/usr/lib -Wl,-R/home/aceimdiplomados/.rvm/usr/lib -L.  -rdynamic -Wl,-export-dynamic     -Wl,-R -Wl,/home/aceimdiplomados/.rvm/rubies/ruby-1.9.3-p194/lib -L/home/aceimdiplomados/.rvm/rubies/ruby-1.9.3-p194/lib -lruby  -lpthread -lrt -ldl -lcrypt -lm   -lc"
conftest.c: In function 't':
conftest.c:5: warning: implicit declaration of function 'rb_intern3'
checked program was:
/* begin */
1: #include "ruby.h"
2: 
3: /*top*/
4: int main() {return 0;}
5: int t() { rb_intern3(); return 0; }
/* end */

--------------------

have_header: checking for mysql.h... -------------------- yes

"gcc -E -I/home/aceimdiplomados/.rvm/rubies/ruby-1.9.3-p194/include/ruby-1.9.1/x86_64-linux -I/home/aceimdiplomados/.rvm/rubies/ruby-1.9.3-p194/include/ruby-1.9.1/ruby/backward -I/home/aceimdiplomados/.rvm/rubies/ruby-1.9.3-p194/include/ruby-1.9.1 -I. -I/usr/include/mysql -I/home/aceimdiplomados/.rvm/usr/include     -O3 -ggdb -Wextra -Wno-unused-parameter -Wno-parentheses -Wno-long-long -Wno-missing-field-initializers -Wpointer-arith -Wwrite-strings -Wdeclaration-after-statement -Wimplicit-function-declaration  -fPIC  conftest.c -o conftest.i"
checked program was:
/* begin */
1: #include "ruby.h"
2: 
3: #include <mysql.h>
/* end */

--------------------

have_header: checking for errmsg.h... -------------------- yes

"gcc -E -I/home/aceimdiplomados/.rvm/rubies/ruby-1.9.3-p194/include/ruby-1.9.1/x86_64-linux -I/home/aceimdiplomados/.rvm/rubies/ruby-1.9.3-p194/include/ruby-1.9.1/ruby/backward -I/home/aceimdiplomados/.rvm/rubies/ruby-1.9.3-p194/include/ruby-1.9.1 -I. -I/usr/include/mysql -I/home/aceimdiplomados/.rvm/usr/include     -O3 -ggdb -Wextra -Wno-unused-parameter -Wno-parentheses -Wno-long-long -Wno-missing-field-initializers -Wpointer-arith -Wwrite-strings -Wdeclaration-after-statement -Wimplicit-function-declaration  -fPIC  conftest.c -o conftest.i"
checked program was:
/* begin */
1: #include "ruby.h"
2: 
3: #include <errmsg.h>
/* end */

--------------------

have_header: checking for mysqld_error.h... -------------------- yes

"gcc -E -I/home/aceimdiplomados/.rvm/rubies/ruby-1.9.3-p194/include/ruby-1.9.1/x86_64-linux -I/home/aceimdiplomados/.rvm/rubies/ruby-1.9.3-p194/include/ruby-1.9.1/ruby/backward -I/home/aceimdiplomados/.rvm/rubies/ruby-1.9.3-p194/include/ruby-1.9.1 -I. -I/usr/include/mysql -I/home/aceimdiplomados/.rvm/usr/include     -O3 -ggdb -Wextra -Wno-unused-parameter -Wno-parentheses -Wno-long-long -Wno-missing-field-initializers -Wpointer-arith -Wwrite-strings -Wdeclaration-after-statement -Wimplicit-function-declaration  -fPIC  conftest.c -o conftest.i"
checked program was:
/* begin */
1: #include "ruby.h"
2: 
3: #include <mysqld_error.h>
/* end */

--------------------

"gcc -o conftest -I/home/aceimdiplomados/.rvm/rubies/ruby-1.9.3-p194/include/ruby-1.9.1/x86_64-linux -I/home/aceimdiplomados/.rvm/rubies/ruby-1.9.3-p194/include/ruby-1.9.1/ruby/backward -I/home/aceimdiplomados/.rvm/rubies/ruby-1.9.3-p194/include/ruby-1.9.1 -I. -I/usr/include/mysql -I/home/aceimdiplomados/.rvm/usr/include     -O3 -ggdb -Wextra -Wno-unused-parameter -Wno-parentheses -Wno-long-long -Wno-missing-field-initializers -Wpointer-arith -Wwrite-strings -Wdeclaration-after-statement -Wimplicit-function-declaration  -fPIC conftest.c  -L. -L/home/aceimdiplomados/.rvm/rubies/ruby-1.9.3-p194/lib -Wl,-R/home/aceimdiplomados/.rvm/rubies/ruby-1.9.3-p194/lib -L/home/aceimdiplomados/.rvm/usr/lib -Wl,-R/home/aceimdiplomados/.rvm/usr/lib -L.  -rdynamic -Wl,-export-dynamic    -rdynamic -L/usr/lib/mysql -lmysqlclient_r  -Wl,-R -Wl,/home/aceimdiplomados/.rvm/rubies/ruby-1.9.3-p194/lib -L/home/aceimdiplomados/.rvm/rubies/ruby-1.9.3-p194/lib -lruby  -Wall -funroll-loops -lpthread -lrt -ldl -lcrypt -lm   -lc"
checked program was:
/* begin */
1: #include "ruby.h"
2: 
3: int main() {return 0;}
/* end */

